<?xml version="1.0" encoding="UTF-8"?>
<!-- Generated by org.testng.reporters.JUnitXMLReporter -->
<testsuite hostname="LAPTOP-B4DGONA8" ignored="0" name="Free CRM Test cases" tests="4" failures="0" timestamp="2021-10-18T16:54:11 IST" time="72.793" errors="0">
  <testcase name="homePageTest" time="5.328" classname="com.qa.testscripts.HomePageTest"/>
  <testcase name="contactsPageTest" time="8.555" classname="com.qa.testscripts.ContactsPageTest"/>
  <testcase name="contactsPageTest" time="8.871" classname="com.qa.testscripts.ContactsPageTest"/>
  <testcase name="contactsPageTest" time="8.91" classname="com.qa.testscripts.ContactsPageTest"/>
</testsuite> <!-- Free CRM Test cases -->
